

Started GET "/" for ::1 at 2015-06-19 12:07:00 -0700
Processing by Rails::WelcomeController#index as HTML
  Rendered /Users/xindlin/.rvm/gems/ruby-2.2.1/gems/railties-4.2.2/lib/rails/templates/rails/welcome/index.html.erb (11.3ms)
Completed 200 OK in 146ms (Views: 105.8ms | ActiveRecord: 0.0ms)


Started GET "/" for 127.0.0.1 at 2015-06-19 12:09:17 -0700
Processing by Rails::WelcomeController#index as HTML
  Rendered /Users/xindlin/.rvm/gems/ruby-2.2.1/gems/railties-4.2.2/lib/rails/templates/rails/welcome/index.html.erb (15.5ms)
Completed 200 OK in 159ms (Views: 110.1ms | ActiveRecord: 0.0ms)




Started GET "/" for 127.0.0.1 at 2015-06-19 12:10:29 -0700
Started GET "/" for 127.0.0.1 at 2015-06-19 12:10:29 -0700
Processing by Rails::WelcomeController#index as HTML
Processing by Rails::WelcomeController#index as HTML
  Rendered /Users/xindlin/.rvm/gems/ruby-2.2.1/gems/railties-4.2.2/lib/rails/templates/rails/welcome/index.html.erb (15.2ms)
Completed 200 OK in 137ms (Views: 90.7ms | ActiveRecord: 0.0ms)
  Rendered /Users/xindlin/.rvm/gems/ruby-2.2.1/gems/railties-4.2.2/lib/rails/templates/rails/welcome/index.html.erb (14.7ms)
Completed 200 OK in 140ms (Views: 91.8ms | ActiveRecord: 0.0ms)


Started GET "/" for ::1 at 2015-06-20 17:57:40 -0700
Processing by Rails::WelcomeController#index as HTML
  Rendered /Users/xindlin/.rvm/gems/ruby-2.2.1/gems/railties-4.2.2/lib/rails/templates/rails/welcome/index.html.erb (19.9ms)
Completed 200 OK in 287ms (Views: 238.8ms | ActiveRecord: 0.0ms)


Started GET "/" for 127.0.0.1 at 2015-06-20 18:01:13 -0700
Processing by Rails::WelcomeController#index as HTML
  Rendered /Users/xindlin/.rvm/gems/ruby-2.2.1/gems/railties-4.2.2/lib/rails/templates/rails/welcome/index.html.erb (19.2ms)
Completed 200 OK in 223ms (Views: 169.2ms | ActiveRecord: 0.0ms)


Started GET "/" for 127.0.0.1 at 2015-06-20 18:01:17 -0700
Processing by Rails::WelcomeController#index as HTML
  Rendered /Users/xindlin/.rvm/gems/ruby-2.2.1/gems/railties-4.2.2/lib/rails/templates/rails/welcome/index.html.erb (8.6ms)
Completed 200 OK in 74ms (Views: 50.4ms | ActiveRecord: 0.0ms)


Started GET "/" for 127.0.0.1 at 2015-06-20 22:28:46 -0700
Processing by Rails::WelcomeController#index as HTML
  Rendered /Users/xindlin/.rvm/gems/ruby-2.2.1/gems/railties-4.2.2/lib/rails/templates/rails/welcome/index.html.erb (0.6ms)
Completed 200 OK in 82ms (Views: 77.6ms | ActiveRecord: 0.0ms)
